<?xml version="1.0" encoding="UTF-8"?>
<testng-results skipped="0" failed="0" ignored="0" total="2" passed="2">
  <reporter-output>
  </reporter-output>
  <suite name="Default suite" duration-ms="8316" started-at="2018-08-04T15:17:44Z" finished-at="2018-08-04T15:17:52Z">
    <groups>
    </groups>
    <test name="Default test" duration-ms="8316" started-at="2018-08-04T15:17:44Z" finished-at="2018-08-04T15:17:52Z">
      <class name="BrowserTest">
        <test-method status="PASS" signature="openBrowser()[pri:0, instance:BrowserTest@39c0f4a]" name="openBrowser" is-config="true" duration-ms="7142" started-at="2018-08-04T15:17:44Z" finished-at="2018-08-04T15:17:51Z">
          <reporter-output>
          </reporter-output>
        </test-method> <!-- openBrowser -->
        <test-method status="PASS" signature="testLogin()[pri:0, instance:BrowserTest@39c0f4a]" name="testLogin" duration-ms="8" started-at="2018-08-04T15:17:51Z" finished-at="2018-08-04T15:17:51Z">
          <reporter-output>
          </reporter-output>
        </test-method> <!-- testLogin -->
        <test-method status="PASS" signature="testme()[pri:0, instance:BrowserTest@39c0f4a]" name="testme" duration-ms="1009" started-at="2018-08-04T15:17:51Z" finished-at="2018-08-04T15:17:52Z">
          <reporter-output>
          </reporter-output>
        </test-method> <!-- testme -->
        <test-method status="PASS" signature="closeBrowser()[pri:0, instance:BrowserTest@39c0f4a]" name="closeBrowser" is-config="true" duration-ms="96" started-at="2018-08-04T15:17:52Z" finished-at="2018-08-04T15:17:52Z">
          <reporter-output>
          </reporter-output>
        </test-method> <!-- closeBrowser -->
      </class> <!-- BrowserTest -->
    </test> <!-- Default test -->
  </suite> <!-- Default suite -->
</testng-results>
